<?xml version="1.0" encoding="UTF-8"?>
<!-- Generated by org.testng.reporters.JUnitReportReporter -->
<testsuite hostname="ICS-LT-DTW4DN3" failures="0" tests="2" name="RegressionTests.CreateProjectTest" time="46.312" errors="0" timestamp="2024-06-15T01:31:40 IST" skipped="0">
  <testcase classname="RegressionTests.CreateProjectTest" name="Loginproject" time="3.983"/>
  <system-out/>
  <testcase classname="RegressionTests.CreateProjectTest" name="Createprojectbutton" time="42.329"/>
  <system-out/>
</testsuite> <!-- RegressionTests.CreateProjectTest -->
