<?xml version="1.0" encoding="UTF-8"?>
<!-- Generated by org.testng.reporters.JUnitReportReporter -->
<testsuite hostname="ICS-LT-DTW4DN3" failures="0" tests="2" name="RegressionTests.CreateProjectTest" time="65.787" errors="0" timestamp="2024-06-15T23:31:07 IST" skipped="0">
  <testcase classname="RegressionTests.CreateProjectTest" name="Loginproject" time="9.400"/>
  <system-out/>
  <testcase classname="RegressionTests.CreateProjectTest" name="Createprojectbutton" time="56.387"/>
  <system-out/>
</testsuite> <!-- RegressionTests.CreateProjectTest -->
