<?xml version="1.0" encoding="UTF-8"?>
<!-- Generated by org.testng.reporters.JUnitReportReporter -->
<testsuite hostname="ICS-LT-DTW4DN3" failures="0" tests="2" name="RegressionTests.CreateProjectTest" time="54.219" errors="0" timestamp="2024-07-10T20:23:46 IST" skipped="0">
  <testcase classname="RegressionTests.CreateProjectTest" name="Application_Login" time="3.758"/>
  <system-out/>
  <testcase classname="RegressionTests.CreateProjectTest" name="Project_Creation" time="50.461"/>
  <system-out/>
</testsuite> <!-- RegressionTests.CreateProjectTest -->
