<?xml version="1.0" encoding="UTF-8"?>
<!-- Generated by org.testng.reporters.JUnitReportReporter -->
<testsuite hostname="ICS-LT-DTW4DN3" failures="0" tests="1" name="RegressionTests.FPStest" time="24.867" errors="0" timestamp="2024-07-10T20:23:46 IST" skipped="0">
  <testcase classname="RegressionTests.FPStest" name="FPS_Project_Link" time="24.867"/>
  <system-out/>
</testsuite> <!-- RegressionTests.FPStest -->
